1558941490368	mozrunner::runner	INFO	Running command: "C:\\Program Files\\Mozilla Firefox\\firefox.exe" "-marionette" "-foreground" "-no-remote" "-profile" "C:\\Users\\GDSGLO~1\\AppData\\Local\\Temp\\rust_mozprofile.ltoQ6pg2KCPA"
1558941490745	addons.webextension.screenshots@mozilla.org	WARN	Loading extension 'screenshots@mozilla.org': Reading manifest: Invalid extension permission: mozillaAddons
1558941490746	addons.webextension.screenshots@mozilla.org	WARN	Loading extension 'screenshots@mozilla.org': Reading manifest: Invalid extension permission: resource://pdf.js/
1558941490746	addons.webextension.screenshots@mozilla.org	WARN	Loading extension 'screenshots@mozilla.org': Reading manifest: Invalid extension permission: about:reader*
1558941493215	Marionette	INFO	Listening on port 58107
1558941493611	Marionette	WARN	TLS certificate errors will be ignored for this session
[Parent 2088, Gecko_IOThread] WARNING: pipe error: 109: file z:/task_1558035249/build/src/ipc/chromium/src/chrome/common/ipc_channel_win.cc, line 341
[Parent 2088, Gecko_IOThread] WARNING: pipe error: 109: file z:/task_1558035249/build/src/ipc/chromium/src/chrome/common/ipc_channel_win.cc, line 341
[Child 12640, Chrome_ChildThread] WARNING: pipe error: 109: file z:/task_1558035249/build/src/ipc/chromium/src/chrome/common/ipc_channel_win.cc, line 341
[Child 10524, Chrome_ChildThread] WARNING: pipe error: 109: file z:/task_1558035249/build/src/ipc/chromium/src/chrome/common/ipc_channel_win.cc, line 341
[Child 10524, Chrome_ChildThread] WARNING[Parent 2088, Gecko_IOThread] WARNING: pipe error: 109: file z:/task_1558035249/build/src/ipc/chromium/src/chrome/common/ipc_channel_win.cc, line 341
[Child 14644, Chrome_ChildThread] WARNING: pipe error: 109: file z:/task_1558035249/build/src/ipc/chromium/src/chrome/common/ipc_channel_win.cc, line 341
[Child 146441558941496315	Marionette	INFO	Stopped listening on port 58107
[1558941522429	mozrunner::runner	INFO	Running command: "C:\\Program Files\\Mozilla Firefox\\firefox.exe" "-marionette" "-foreground" "-no-remote" "-profile" "C:\\Users\\GDSGLO~1\\AppData\\Local\\Temp\\rust_mozprofile.N8QRTH6993G4"
1558941522714	addons.webextension.screenshots@mozilla.org	WARN	Loading extension 'screenshots@mozilla.org': Reading manifest: Invalid extension permission: mozillaAddons
1558941522714	addons.webextension.screenshots@mozilla.org	WARN	Loading extension 'screenshots@mozilla.org': Reading manifest: Invalid extension permission: resource://pdf.js/
1558941522714	addons.webextension.screenshots@mozilla.org	WARN	Loading extension 'screenshots@mozilla.org': Reading manifest: Invalid extension permission: about:reader*
1558941524254	Marionette	INFO	Listening on port 58216
1558941524606	Marionette	WARN	TLS certificate errors will be ignored for this session
[Parent 14736, Gecko_IOThread] WARNING: pipe error: 109: file z:/task_1558035249/build/src/ipc/chromium/src/chrome/common/ipc_channel_win.cc, line 341
[Parent 14736, Gecko_IOThread] WARNING: pipe error: 109: file z:/task_1558035249/build/src/ipc/chromium/src/chrome/common/ipc_channel_win.cc, line 341
[Child 15344, Chrome_ChildThread] WARNING: pipe error: 109: file z:/task_1558035249/build/src/ipc/chromium/src/chrome/common/ipc_channel_win.cc, line 341
[Child 15344, Chrome_ChildThread] WARNING: pipe error: 109: file z:/task_15580[3C5249/build/src/iphild 12072, Chrome_ChildThread] WARNING: pipe error: 109: file z:/task_1558035249/build/src/ipc/chromium/src/chrome/common/ipc_channel_win.cc, line 341
[Child 12072, Chrom[Parent 14736, Gecko_IOThread] WARNING: pipe error: 109: file z:/task_1558035249/build/src/ipc/chromium/src/chrome/common/ipc_channel_win.cc, line 341
1558941526172	Marionette	INFO	Stopped listening on port 58216

###!!! [Child][RunMessage] Error: Channel closing: too late to send/recv, messages will be lost

[
###!!! [Child][MessageChannel::SendAndWait] Error: Channel error: cannot send/recv

1558941543449	mozrunner::runner	INFO	Running command: "C:\\Program Files\\Mozilla Firefox\\firefox.exe" "-marionette" "-foreground" "-no-remote" "-profile" "C:\\Users\\GDSGLO~1\\AppData\\Local\\Temp\\rust_mozprofile.d7LBAFWBwMgv"
1558941543744	addons.webextension.screenshots@mozilla.org	WARN	Loading extension 'screenshots@mozilla.org': Reading manifest: Invalid extension permission: mozillaAddons
1558941543744	addons.webextension.screenshots@mozilla.org	WARN	Loading extension 'screenshots@mozilla.org': Reading manifest: Invalid extension permission: resource://pdf.js/
1558941543744	addons.webextension.screenshots@mozilla.org	WARN	Loading extension 'screenshots@mozilla.org': Reading manifest: Invalid extension permission: about:reader*
1558941545352	Marionette	INFO	Listening on port 58304
1558941545608	Marionette	WARN	TLS certificate errors will be ignored for this session
[Parent 9248, Gecko_IOThread] WARNING: pipe error: 109: file z:/task_1558035249/build/src/ipc/chromium/src/chrome/common/ipc_channel_win.cc, line 341
[Child 4632, Chrome_ChildThread] WARNING: pipe error: 109: file z:/task_1558035249/build/src/ipc/chromium/src/chrome/common/ipc_cha[Chnnel_win.cc, line 341
ild 6084, Chrome_C[Chihlid 46ldThread] WARNING: pipe error: 109: file z:/task_1558035249/build/src/ipc/chromium/src/chrome/common/ipc_channel_win.cc, line 341
[Child 6084, Chrome_Chil[Parent 9248, Gecko_IOThread] WARNING: pipe error: 109: file z:/task_1558035249/build/src/ipc/chromium/src/chrome/common/ipc_channel_win.cc, line 341
[Child 15112, Chrome_ChildThread] WARNING: pipe error: 109: file z:/task_1558035249/build/src/ipc/chromium/src/chrome/common/ipc_channel_win.cc, line 341
[Child 15112, Chrome_Chi1558941568467	Marionette	INFO	Stopped listening on port 58304
[GPU 
###!!! [Child][RunMessage] Error: Channel closing: too late to send/recv, messages will be lost

1
###!!! [Child][MessageChannel::SendAndWait] Error: Channel error: cannot send/recv

